This is pdfTeX, Version 3.14159265-2.6-1.40.15 (TeX Live 2014/Debian) (preloaded format=pdflatex 2015.4.27)  6 MAY 2015 12:16
entering extended mode
 restricted \write18 enabled.
 %&-line parsing enabled.
**Aufgabe2_1.tex
(./Aufgabe2_1.tex
LaTeX2e <2014/05/01>
Babel <3.9k> and hyphenation patterns for 7 languages loaded.
(/usr/share/texlive/texmf-dist/tex/latex/base/article.cls
Document Class: article 2007/10/19 v1.4h Standard LaTeX document class
(/usr/share/texlive/texmf-dist/tex/latex/base/size10.clo
File: size10.clo 2007/10/19 v1.4h Standard LaTeX file (size option)
)
\c@part=\count79
\c@section=\count80
\c@subsection=\count81
\c@subsubsection=\count82
\c@paragraph=\count83
\c@subparagraph=\count84
\c@figure=\count85
\c@table=\count86
\abovecaptionskip=\skip41
\belowcaptionskip=\skip42
\bibindent=\dimen102
)
(/usr/share/texlive/texmf-dist/tex/latex/tools/enumerate.sty
Package: enumerate 1999/03/05 v3.00 enumerate extensions (DPC)
\@enLab=\toks14
) (./Aufgabe2_1.aux)
\openout1 = `Aufgabe2_1.aux'.

LaTeX Font Info:    Checking defaults for OML/cmm/m/it on input line 5.
LaTeX Font Info:    ... okay on input line 5.
LaTeX Font Info:    Checking defaults for T1/cmr/m/n on input line 5.
LaTeX Font Info:    ... okay on input line 5.
LaTeX Font Info:    Checking defaults for OT1/cmr/m/n on input line 5.
LaTeX Font Info:    ... okay on input line 5.
LaTeX Font Info:    Checking defaults for OMS/cmsy/m/n on input line 5.
LaTeX Font Info:    ... okay on input line 5.
LaTeX Font Info:    Checking defaults for OMX/cmex/m/n on input line 5.
LaTeX Font Info:    ... okay on input line 5.
LaTeX Font Info:    Checking defaults for U/cmr/m/n on input line 5.
LaTeX Font Info:    ... okay on input line 5.

Underfull \hbox (badness 10000) in paragraph at lines 7--9

 []

LaTeX Font Info:    Try loading font information for OMS+cmr on input line 14.
(/usr/share/texlive/texmf-dist/tex/latex/base/omscmr.fd
File: omscmr.fd 1999/05/25 v2.5h Standard LaTeX font definitions
)
LaTeX Font Info:    Font shape `OMS/cmr/m/n' in size <10> not available
(Font)              Font shape `OMS/cmsy/m/n' tried instead on input line 14.

Underfull \hbox (badness 10000) in paragraph at lines 14--16

 []


Underfull \hbox (badness 10000) in paragraph at lines 18--20

 []


Underfull \hbox (badness 10000) in paragraph at lines 20--22

 []

LaTeX Font Info:    Try loading font information for OML+cmr on input line 35.
(/usr/share/texlive/texmf-dist/tex/latex/base/omlcmr.fd
File: omlcmr.fd 1999/05/25 v2.5h Standard LaTeX font definitions
)
LaTeX Font Info:    Font shape `OML/cmr/m/n' in size <10> not available
(Font)              Font shape `OML/cmm/m/it' tried instead on input line 35.

Overfull \hbox (83.77878pt too wide) in paragraph at lines 35--38
\OML/cmm/m/it/10 <\OT1/cmr/m/n/10 Vorname\OML/cmm/m/it/10 >\OT1/cmr/m/n/10 [,;\
OMS/cmsy/m/n/10 n \OT1/cmr/m/n/10 ]\OML/cmm/m/it/10 <\OT1/cmr/m/n/10 Nachname\O
ML/cmm/m/it/10 >\OT1/cmr/m/n/10 (\OMS/cmsy/m/n/10 n\OT1/cmr/m/n/10 n\OMS/cmsy/m
/n/10 jn\OT1/cmr/m/n/10 r\OMS/cmsy/m/n/10 n\OT1/cmr/m/n/10 n)\OML/cmm/m/it/10 <
\OT1/cmr/m/n/10 Strasse\OML/cmm/m/it/10 >\OT1/cmr/m/n/10 [,;-\OMS/cmsy/m/n/10 n
 \OT1/cmr/m/n/10 ]\OML/cmm/m/it/10 <\OT1/cmr/m/n/10 Nummer\OML/cmm/m/it/10 >\OT
1/cmr/m/n/10 (\OMS/cmsy/m/n/10 n\OT1/cmr/m/n/10 n\OMS/cmsy/m/n/10 jn\OT1/cmr/m/
n/10 r\OMS/cmsy/m/n/10 n\OT1/cmr/m/n/10 n)\OML/cmm/m/it/10 <\OT1/cmr/m/n/10 Pos
tleitzahl\OML/cmm/m/it/10 >\OT1/cmr/m/n/10 [,;-
 []


Underfull \hbox (badness 10000) in paragraph at lines 35--38

 []


Underfull \hbox (badness 10000) in paragraph at lines 35--38

 []

[1

{/var/lib/texmf/fonts/map/pdftex/updmap/pdftex.map}] (./Aufgabe2_1.aux) ) 
Here is how much of TeX's memory you used:
 267 strings out of 494969
 3212 string characters out of 6178984
 49323 words of memory out of 5000000
 3571 multiletter control sequences out of 15000+600000
 4245 words of font info for 16 fonts, out of 8000000 for 9000
 14 hyphenation exceptions out of 8191
 23i,4n,19p,522b,230s stack positions out of 5000i,500n,10000p,200000b,80000s
</usr/
share/texlive/texmf-dist/fonts/type1/public/amsfonts/cm/cmbx12.pfb></usr/share/
texlive/texmf-dist/fonts/type1/public/amsfonts/cm/cmmi10.pfb></usr/share/texliv
e/texmf-dist/fonts/type1/public/amsfonts/cm/cmr10.pfb></usr/share/texlive/texmf
-dist/fonts/type1/public/amsfonts/cm/cmsy10.pfb>
Output written on Aufgabe2_1.pdf (1 page, 45399 bytes).
PDF statistics:
 24 PDF objects out of 1000 (max. 8388607)
 16 compressed objects within 1 object stream
 0 named destinations out of 1000 (max. 500000)
 1 words of extra memory for PDF output out of 10000 (max. 10000000)

